<?xml version="1.0" encoding="UTF-8"?>
<!-- Generated by org.testng.reporters.JUnitReportReporter -->
<testsuite hostname="dPLAP329" failures="0" tests="1" name="runner.TestRunner" time="3.922" errors="0" timestamp="09 Jan 2024 06:42:03 GMT" skipped="0">
  <testcase classname="runner.TestRunner" name="runScenario" time="3.922"/>
</testsuite> <!-- runner.TestRunner -->
